生成启动时间为 2019/1/19 21:05:59。
     1>项目“D:\Code&lecture\数据结构与算法之美_代码练习\40_初识动态规划\40_0-1背包问题\40_0-1背包问题\40_0-1背包问题.vcxproj”在节点 2 上(Build 个目标)。
     1>ClCompile:
         C:\Program Files (x86)\Microsoft Visual Studio 12.0\VC\bin\CL.exe /c /ZI /nologo /W3 /WX- /sdl /Od /Oy- /D WIN32 /D _DEBUG /D _CONSOLE /D _LIB /D _UNICODE /D UNICODE /Gm /EHsc /RTC1 /MDd /GS /fp:precise /Zc:wchar_t /Zc:forScope /Fo"Debug\\" /Fd"Debug\vc120.pdb" /Gd /TP /analyze- /errorReport:prompt "42_动态规划_最长公共子串长度.cpp" "42_课后思考_求数字序列中最长递增子序列的长度.cpp"
         42_课后思考_求数字序列中最长递增子序列的长度.cpp
     1>d:\code&lecture\数据结构与算法之美_代码练习\40_初识动态规划\40_0-1背包问题\40_0-1背包问题\42_课后思考_求数字序列中最长递增子序列的长度.cpp(12): warning C4018: “<”: 有符号/无符号不匹配
     1>d:\code&lecture\数据结构与算法之美_代码练习\40_初识动态规划\40_0-1背包问题\40_0-1背包问题\42_课后思考_求数字序列中最长递增子序列的长度.cpp(20): warning C4018: “<”: 有符号/无符号不匹配
         42_动态规划_最长公共子串长度.cpp
         正在生成代码...
       Link:
         C:\Program Files (x86)\Microsoft Visual Studio 12.0\VC\bin\link.exe /ERRORREPORT:PROMPT /OUT:"D:\Code&lecture\数据结构与算法之美_代码练习\40_初识动态规划\40_0-1背包问题\Debug\40_0-1背包问题.exe" /INCREMENTAL /NOLOGO kernel32.lib user32.lib gdi32.lib winspool.lib comdlg32.lib advapi32.lib shell32.lib ole32.lib oleaut32.lib uuid.lib odbc32.lib odbccp32.lib /MANIFEST /MANIFESTUAC:"level='asInvoker' uiAccess='false'" /manifest:embed /DEBUG /PDB:"D:\Code&lecture\数据结构与算法之美_代码练习\40_初识动态规划\40_0-1背包问题\Debug\40_0-1背包问题.pdb" /SUBSYSTEM:CONSOLE /TLBID:1 /DYNAMICBASE /NXCOMPAT /IMPLIB:"D:\Code&lecture\数据结构与算法之美_代码练习\40_初识动态规划\40_0-1背包问题\Debug\40_0-1背包问题.lib" /MACHINE:X86 "Debug\40_0-1背包问题的升级版.obj"
         "Debug\41_动态规划理论.obj"
         "Debug\41_课后思考_硬币找零问题.obj"
         "Debug\42_动态规划_最长公共子串长度.obj"
         "Debug\42_动态规划_莱温斯坦距离.obj"
         "Debug\40_0-1背包问题.obj"
         "Debug\41_双十一购物凑单问题.obj"
         "Debug\40_课后习题_杨辉三角问题.obj"
         "Debug\42_课后思考_求数字序列中最长递增子序列的长度.obj"
         40_0-1背包问题.vcxproj -> D:\Code&lecture\数据结构与算法之美_代码练习\40_初识动态规划\40_0-1背包问题\Debug\40_0-1背包问题.exe
     1>已完成生成项目“D:\Code&lecture\数据结构与算法之美_代码练习\40_初识动态规划\40_0-1背包问题\40_0-1背包问题\40_0-1背包问题.vcxproj”(Build 个目标)的操作。

生成成功。

已用时间 00:00:02.23
